chehly78             8.60% [2018-04-09 12:36]
	%CPU       COMMAND:  LAST REQUEST
	0.60       pizza-01: (worker) _ www.chehly78.ru/img/cases-img/eco/white-black.png
	1.00       pizza-01: (worker) _ www.chehly78.ru/img/cases-img/eco/orange-black.png
	2.00       pizza-01: (worker) _ www.chehly78.ru/img/cases-img/eco/white-white.png
	2.00       pizza-01: (worker) _ www.chehly78.ru/img/cases-img/eco/gray-gray.png
	3.00       pizza-01: (worker) _ www.chehly78.ru/img/cases-img/eco/chocolate-chocolate.png
chehly78             10.00% [2018-05-17 14:03]
	%CPU       COMMAND:  LAST REQUEST
	0.00       proftpd: chehly78_salvador - 141.136.88.253: IDLE
	0.00       proftpd: chehly78_salvador - 141.136.88.253: IDLE
	6.00       pizza-01: (worker) _ chehly78.ru/fonts/Roboto-Black.ttf
	4.00       pizza-01: (worker) _ chehly78.ru/fonts/Roboto-Light.ttf
	0.00       proftpd: chehly78_salvador - 141.136.88.253: IDLE
chehly78             9.00% [2018-05-23 11:30]
	%CPU       COMMAND:  LAST REQUEST
	6.00       pizza-01: (worker) _ chehly78.ru/libs/magnific-popup/dist/magnific-popup.css
	3.00       pizza-01: (worker) _ chehly78.ru/css/main.css
chehly78             8.80% [2018-05-24 14:15]
	%CPU       COMMAND:  LAST REQUEST
	0.30       pizza-01: (worker) _ chehly78.ru/libs/slick-1.8.0/slick/fonts/slick.woff
	0.50       pizza-01: (worker) _ chehly78.ru/img/cases-img/eco/black-red.png
	3.00       pizza-01: (worker) _ chehly78.ru/?utm_source=google&utm_medium=cpc&utm_campaign=%7Bcampaign_id%7D&utm_content=%7Bad_id%7D&utm_term=sa_autocat_adgroup_55456173036
	5.00       pizza-01: (worker) _ chehly78.ru/img/loupe.png
chehly78             6.00% [2018-05-26 09:48]
	%CPU       COMMAND:  LAST REQUEST
	4.00       pizza-01: (worker) _ chehly78.ru/libs/owl.carousel/assets/owl.theme.default.min.css
	2.00       pizza-01: (worker) _ chehly78.ru/libs/jquery/dist/jquery.min.js
chehly78             9.20% [2018-06-02 10:42]
	%CPU       COMMAND:  LAST REQUEST
	0.20       pizza-01: (worker) _ chehly78.ru/img/cases-img/eco-rhomb/white-black.png
	7.00       pizza-01: (worker) _ chehly78.ru/img/cases-img/eco-rhomb/brown-brown.png
	2.00       pizza-01: (worker) _ chehly78.ru/img/cases-img/eco-rhomb/white-white.png
chehly78             9.00% [2018-06-07 15:30]
	%CPU       COMMAND:  LAST REQUEST
	1.00       pizza-01: (worker) _ chehly78.ru/img/color-variants/black-white.jpg
	8.00       pizza-01: (worker) _ chehly78.ru/img/color-variants/chocolate-chocolate.jpg
	0.00       pizza-01: (worker) _  
chehly78             6.50% [2018-06-08 10:54]
	%CPU       COMMAND:  LAST REQUEST
	3.50       pizza-01: (worker) _ chehly78.ru/img/production-bg.jpg
	3.00       pizza-01: (worker) _ chehly78.ru/img/cases-img/eco/black-chocolate.png
chehly78             9.10% [2018-06-12 23:42]
	%CPU       COMMAND:  LAST REQUEST
	1.10       pizza-01: (worker) _ chehly78.ru/img/img4.jpg
	8.00       pizza-01: (worker) _ chehly78.ru/js/jquery.scroolly.min.js
chehly78             9.70% [2018-06-21 09:24]
	%CPU       COMMAND:  LAST REQUEST
	0.20       pizza-01: (worker) _  
	0.50       pizza-01: (worker) _ chehly78.ru/libs/magnific-popup/dist/jquery.magnific-popup.min.js
	6.00       pizza-01: (worker) _ chehly78.ru/js/common.js
	3.00       pizza-01: (worker) _ chehly78.ru/js/jquery.magnific-popup.min.js
chehly78             7.30% [2018-06-24 14:06]
	%CPU       COMMAND:  LAST REQUEST
	0.10       pizza-01: (worker) _ chehly78.ru/img/cases-img/eco-rhomb/white-white.png
	0.20       pizza-01: (worker) _ chehly78.ru/img/cases-img/eco-rhomb/white-black.png
	7.00       pizza-01: (worker) _ chehly78.ru/img/img2.png
chehly78             16.30% [2018-06-27 17:24]
	%CPU       COMMAND:  LAST REQUEST
	0.30       pizza-01: (worker) _ chehly78.ru/fonts/RobotoCondensed-Bold.ttf
	16.00      pizza-01: (worker) _ chehly78.ru/img/22.jpg
chehly78             9.40% [2018-06-28 11:21]
	%CPU       COMMAND:  LAST REQUEST
	0.40       pizza-01: (worker) _ chehly78.ru/img/img2.png
	2.00       pizza-01: (worker) _ chehly78.ru/img/cases-img/alcantara/black-black-alcantara.png
	2.00       pizza-01: (worker) _ chehly78.ru/img/color-variants/KK-6.jpg
	5.00       pizza-01: (worker) _ chehly78.ru/img/cases-img/eco-rhomb/white-white.png
chehly78             6.70% [2018-07-05 12:18]
	%CPU       COMMAND:  LAST REQUEST
	0.50       pizza-01: (worker) _ chehly78.ru/img/production-bg.jpg
	1.20       pizza-01: (worker) _ chehly78.ru/img/cases-img/eco/black-darkbeige.png
	5.00       pizza-01: (worker) _ chehly78.ru/img/cases-img/eco/black-brown.png
chehly78             9.30% [2018-07-05 14:12]
	%CPU       COMMAND:  LAST REQUEST
	0.30       pizza-01: (worker) _ chehly78.ru/libs/slick-1.8.0/slick/fonts/slick.woff
	5.00       pizza-01: (worker) _ chehly78.ru/img/cases-img/alcantara/black-gray-alcantara.png
	4.00       pizza-01: (worker) _ chehly78.ru/img/wash.jpg
chehly78             7.20% [2018-07-08 15:03]
	%CPU       COMMAND:  LAST REQUEST
	0.20       pizza-01: (worker) _ chehly78.ru/fonts/RobotoCondensed-Bold.ttf
	0.90       pizza-01: (worker) _ chehly78.ru/fonts/Roboto-Regular.ttf
	1.50       pizza-01: (worker) _ chehly78.ru/img/sprite.png
	1.60       pizza-01: (worker) _ chehly78.ru/img/conslutation-bg.jpg
	3.00       pizza-01: (worker) _ chehly78.ru/img/production-bg.jpg
chehly78             7.50% [2018-07-09 10:54]
	%CPU       COMMAND:  LAST REQUEST
	0.10       pizza-01: (worker) _ chehly78.ru/img/bezheviy-bezheviy.png
	1.40       pizza-01: (worker) _ chehly78.ru/img/cases-img/eco-rhomb/black-red.png
	3.00       pizza-01: (worker) _ chehly78.ru/img/cherniy-beliy.png
	3.00       pizza-01: (worker) _ chehly78.ru/img/beliy-cherniy.png
chehly78             6.60% [2018-07-12 10:06]
	%CPU       COMMAND:  LAST REQUEST
	1.60       pizza-01: (worker) _ chehly78.ru/img/kk4.png
	3.00       pizza-01: (worker) _ chehly78.ru/img/temn.bezheviy-temn.bezheviy.png
	2.00       pizza-01: (worker) _ chehly78.ru/img/chernaya-temn.serayaalkantara.png
chehly78             6.00% [2018-07-13 12:42]
	%CPU       COMMAND:  LAST REQUEST
	2.00       pizza-01: (worker) _ chehly78.ru/libs/magnific-popup/dist/magnific-popup.css
	4.00       pizza-01: (worker) _ chehly78.ru/js/jquery-ui.min.js
chehly78             7.30% [2018-07-16 23:18]
	%CPU       COMMAND:  LAST REQUEST
	2.30       pizza-01: (worker) _ chehly78.ru/img/cases-img/eco-rhomb/black-beige.png
	5.00       pizza-01: (worker) _ chehly78.ru/img/cases-img/eco-rhomb/black-white.png
chehly78             18.80% [2018-07-21 23:21]
	%CPU       COMMAND:  LAST REQUEST
	18.80      pizza-01: (worker) W chehly78.ru/?utm_source=google&utm_medium=cpc&utm_campaign=%7Bcampaign_id%7D&utm_content=%7Bad_id%7D&utm_term=intrialtrafficall%3A1532166048
chehly78             8.00% [2018-07-26 09:27]
	%CPU       COMMAND:  LAST REQUEST
	2.00       pizza-01: (worker) _ chehly78.ru/img/color-variants/black-brown.jpg
	4.00       pizza-01: (worker) _ chehly78.ru/img/color-variants/black-orange.jpg
	2.00       pizza-01: (worker) _ chehly78.ru/img/color-variants/black-gray.jpg
chehly78             13.00% [2018-07-31 15:54]
	%CPU       COMMAND:  LAST REQUEST
	1.00       pizza-01: (worker) _ chehly78.ru/img/cherniy-temn.korichneviy.png
	1.00       pizza-01: (worker) _ chehly78.ru/img/cherniy-siniy.png
	6.00       pizza-01: (worker) _ chehly78.ru/img/cherniy-seriy.png
	5.00       pizza-01: (worker) _ chehly78.ru/img/cherniy-temn.seriy.png
chehly78             9.50% [2018-08-10 12:27]
	%CPU       COMMAND:  LAST REQUEST
	1.20       pizza-01: (worker) _ chehly78.ru/img/shokolad-shokolad.png
	1.30       pizza-01: (worker) _ chehly78.ru/img/seriy-seriy.png
	7.00       pizza-01: (worker) _ chehly78.ru/img/cherniy-bezheviy.png
chehly78             11.10% [2018-08-12 12:45]
	%CPU       COMMAND:  LAST REQUEST
	0.10       pizza-01: (worker) _ chehly78.ru/img/color-variants/taupe-taupe.jpg
	4.00       pizza-01: (worker) _ chehly78.ru/img/color-variants/white-black.jpg
	4.00       pizza-01: (worker) W chehly78.ru/img/color-variants/KK-2.jpg
	3.00       pizza-01: (worker) _ chehly78.ru/img/color-variants/white-white.jpg
chehly78             6.00% [2018-08-15 20:09]
	%CPU       COMMAND:  LAST REQUEST
	6.00       pizza-01: (worker) _ chehly78.ru/js/jquery.scroolly.min.js
chehly78             8.00% [2018-08-16 09:00]
	%CPU       COMMAND:  LAST REQUEST
	2.00       pizza-01: (worker) _ chehly78.ru/fonts/RobotoCondensed-Bold.ttf
	6.00       pizza-01: (worker) _ chehly78.ru/fonts/Roboto-Regular.ttf
chehly78             9.00% [2018-08-20 02:21]
	%CPU       COMMAND:  LAST REQUEST
	5.00       pizza-01: (worker) _ chehly78.ru/img/kk5.png
	4.00       pizza-01: (worker) _ chehly78.ru/img/kk3.png
chehly78             6.20% [2018-08-21 09:21]
	%CPU       COMMAND:  LAST REQUEST
	0.20       pizza-01: (worker) _ chehly78.ru/img/44.jpg
	6.00       pizza-01: (worker) _ chehly78.ru/img/cases-img/eco/black-black.png
chehly78             6.00% [2018-08-27 12:18]
	%CPU       COMMAND:  LAST REQUEST
	1.00       pizza-01: (worker) _ chehly78.ru/img/22.jpg
	5.00       pizza-01: (worker) _ chehly78.ru/img/header-bg.jpg
	0.00       pizza-01: (worker) _ chehly78.ru/fonts/Roboto-Light.ttf
chehly78             7.50% [2018-08-28 16:51]
	%CPU       COMMAND:  LAST REQUEST
	1.50       pizza-01: (worker) _ chehly78.ru/libs/slick-1.8.0/slick/slick.min.js
	6.00       pizza-01: (worker) _ chehly78.ru/js/common.js
	0.00       pizza-01: (worker) _ chehly78.ru/img/logo.png
chehly78             14.30% [2018-09-01 11:30]
	%CPU       COMMAND:  LAST REQUEST
	14.30      pizza-01: (worker) W chehly78.ru/sendMail.php
	0.00       pizza-01: (worker) W chehly78.ru/sendMail.php
	0.00       pizza-01: (worker) W chehly78.ru/sendMail.php
	0.00       pizza-01: (worker) W chehly78.ru/sendMail.php
chehly78             12.40% [2018-09-01 11:33]
	%CPU       COMMAND:  LAST REQUEST
	12.40      pizza-01: (worker) _ chehly78.ru/sendMail.php
	0.00       pizza-01: (worker) _ chehly78.ru/sendMail.php
	0.00       pizza-01: (worker) _ chehly78.ru/sendMail.php
	0.00       pizza-01: (worker) _ chehly78.ru/sendMail.php
chehly78             11.10% [2018-09-04 09:51]
	%CPU       COMMAND:  LAST REQUEST
	0.10       pizza-01: (worker) _ chehly78.ru/img/cases-img/eco/black-brown.png
	3.00       pizza-01: (worker) _ chehly78.ru/img/cases-img/eco/black-chocolate.png
	5.00       pizza-01: (worker) _ chehly78.ru/img/cases-img/eco-rhomb/black-chocolate.png
	3.00       pizza-01: (worker) _ chehly78.ru/img/cherniy-bezheviy.png
chehly78             10.00% [2018-09-05 11:09]
	%CPU       COMMAND:  LAST REQUEST
	3.00       pizza-01: (worker) _ chehly78.ru/img/cases-img/alcantara/black-gray-alcantara.png
	4.00       pizza-01: (worker) _ chehly78.ru/img/cases-img/alcantara/black-taupe-alcantara.png
	3.00       pizza-01: (worker) W chehly78.ru/img/cases-img/eco-rhomb/white-white.png
chehly78             6.00% [2018-09-09 13:00]
	%CPU       COMMAND:  LAST REQUEST
	0.70       pizza-01: (worker) _ chehly78.ru/js/custom.js
	1.30       pizza-01: (worker) _ chehly78.ru/libs/owl.carousel/assets/owl.carousel.min.css
	4.00       pizza-01: (worker) _ chehly78.ru/img/hicon4.png
chehly78             10.50% [2018-09-11 12:15]
	%CPU       COMMAND:  LAST REQUEST
	2.50       pizza-01: (worker) _ chehly78.ru/img/cases-img/eco-rhomb/beige-beige.png
	8.00       pizza-01: (worker) _ chehly78.ru/img/cases-img/eco-rhomb/brown-brown.png
chehly78             6.60% [2018-09-13 13:57]
	%CPU       COMMAND:  LAST REQUEST
	2.00       pizza-01: (worker) _ chehly78.ru/img/cases-img/eco-rhomb/umber-umber.png
	1.60       pizza-01: (worker) _ chehly78.ru/img/cases-img/eco-rhomb/taupe-taupe.png
	3.00       pizza-01: (worker) _ chehly78.ru/libs/slick-1.8.0/slick/fonts/slick.woff
chehly78             7.50% [2018-09-18 12:39]
	%CPU       COMMAND:  LAST REQUEST
	3.50       pizza-01: (worker) _ chehly78.ru/img/cases-img/eco-rhomb/black-gray.png
	4.00       pizza-01: (worker) _ chehly78.ru/img/cases-img/eco-rhomb/black-white.png
chehly78             7.50% [2018-09-21 17:57]
	%CPU       COMMAND:  LAST REQUEST
	2.50       pizza-01: (worker) _ chehly78.ru/img/22.jpg
	5.00       pizza-01: (worker) _ chehly78.ru/img/hicon4.png
chehly78             6.60% [2018-09-27 12:09]
	%CPU       COMMAND:  LAST REQUEST
	0.10       pizza-01: (worker) _ chehly78.ru/img/cases-img/eco-rhomb/umber-umber.png
	3.50       pizza-01: (worker) _ chehly78.ru/img/cases-img/eco-rhomb/gray-black.png
	3.00       pizza-01: (worker) _ chehly78.ru/img/cases-img/eco-rhomb/black-beige.png
chehly78             7.50% [2018-09-27 12:30]
	%CPU       COMMAND:  LAST REQUEST
	0.20       pizza-01: (worker) _ chehly78.ru/img/wash.jpg
	0.30       pizza-01: (worker) _ chehly78.ru/img/cases-img/eco-rhomb/white-white.png
	7.00       pizza-01: (worker) _ chehly78.ru/img/cases-img/eco-rhomb/beige-beige.png
chehly78             7.40% [2018-10-01 15:45]
	%CPU       COMMAND:  LAST REQUEST
	0.40       pizza-01: (worker) _ chehly78.ru/libs/slick-1.8.0/slick/slick.min.js
	0.50       pizza-01: (worker) _ chehly78.ru/fonts/Roboto-Regular.ttf
	2.50       pizza-01: (worker) _ chehly78.ru/?utm_source=google&utm_medium=cpc&utm_campaign=%7Bcampaign_id%7D&utm_content=%7Bad_id%7D&utm_term=intrialtrafficall%3A1538353980
	4.00       pizza-01: (worker) _ chehly78.ru/fonts/Roboto-Black.ttf
chehly78             7.60% [2018-10-03 08:51]
	%CPU       COMMAND:  LAST REQUEST
	0.10       pizza-01: (worker) _ chehly78.ru/img/conslutation-bg.jpg
	0.50       pizza-01: (worker) _ chehly78.ru/libs/owl.carousel/owl.carousel.min.js
	7.00       pizza-01: (worker) _ chehly78.ru/img/cases-img/eco/black-chocolate.png
chehly78             7.50% [2018-10-12 13:03]
	%CPU       COMMAND:  LAST REQUEST
	3.50       pizza-01: (worker) _ chehly78.ru/img/cases-img/alcantara/black-black-alcantara.png
	4.00       pizza-01: (worker) _ chehly78.ru/img/cases-img/eco-rhomb/beige-beige.png
chehly78             6.40% [2018-10-13 11:39]
	%CPU       COMMAND:  LAST REQUEST
	1.20       pizza-01: (worker) _ chehly78.ru/img/seriy-seriy.png
	0.50       pizza-01: (worker) _ chehly78.ru/img/shokolad-shokolad.png
	1.60       pizza-01: (worker) _ chehly78.ru/img/cherniy-bezheviy.png
	1.60       pizza-01: (worker) _ chehly78.ru/img/korichneviy-korichneviy.png
	1.50       pizza-01: (worker) _ chehly78.ru/img/seriy-cherniy.png
chehly78             7.20% [2018-10-19 17:24]
	%CPU       COMMAND:  LAST REQUEST
	0.20       pizza-01: (worker) _ chehly78.ru/img/color-variants/black-blue.jpg
	5.00       pizza-01: (worker) _ chehly78.ru/img/sprite.png
	2.00       pizza-01: (worker) _ chehly78.ru/img/color-variants/black-darkbeige.jpg
chehly78             8.00% [2018-10-23 10:09]
	%CPU       COMMAND:  LAST REQUEST
	0.00       pizza-01: (worker) _ chehly78.ru/img/color-variants/black-black.jpg
	5.00       pizza-01: (worker) _ chehly78.ru/img/color-variants/beige-beige.jpg
	3.00       pizza-01: (worker) _ chehly78.ru/img/color-variants/black-brown.jpg
chehly78             10.30% [2018-10-26 17:30]
	%CPU       COMMAND:  LAST REQUEST
	1.70       pizza-01: (worker) _ chehly78.ru/img/cherniy-korichneviy.png
	2.60       pizza-01: (worker) _ chehly78.ru/img/cherniy-cherniy.png
	3.00       pizza-01: (worker) _ chehly78.ru/img/cherniy-oranzheviy.png
	3.00       pizza-01: (worker) _ chehly78.ru/img/cases-img/eco-rhomb/black-chocolate.png
chehly78             7.00% [2018-11-19 09:12]
	%CPU       COMMAND:  LAST REQUEST
	0.20       pizza-01: (worker) _ chehly78.ru/img/sertificates/sert1.jpg
	1.20       pizza-01: (worker) _ chehly78.ru/img/sertificates/sert2.jpg
	1.60       pizza-01: (worker) _ chehly78.ru/libs/owl.carousel/owl.carousel.min.js
	2.00       pizza-01: (worker) _ chehly78.ru/libs/magnific-popup/dist/jquery.magnific-popup.min.js
	2.00       pizza-01: (worker) _  
chehly78             8.00% [2018-11-26 17:57]
	%CPU       COMMAND:  LAST REQUEST
	5.00       pizza-01: (worker) _ chehly78.ru/img/cases-img/eco/black-beige.png
	3.00       pizza-01: (worker) _ chehly78.ru/img/cases-img/eco/black-black.png
chehly78             7.20% [2018-12-04 18:21]
	%CPU       COMMAND:  LAST REQUEST
	0.20       pizza-01: (worker) _ chehly78.ru/fonts/Roboto-Black.ttf
	7.00       pizza-01: (worker) _ chehly78.ru/fonts/Roboto-Bold.ttf
chehly78             6.00% [2018-12-05 19:06]
	%CPU       COMMAND:  LAST REQUEST
	6.00       pizza-01: (worker) _ chehly78.ru/img/cases-img/eco/black-blue.png
chehly78             62.60% [2018-12-06 23:03]
	%CPU       COMMAND:  LAST REQUEST
	62.60      pizza-01: (worker) W chehly78.ru/?utm_source=google&utm_medium=cpc&utm_campaign=%7Bcampaign_id%7D&utm_content=%7Bad_id%7D&utm_term=intrialtrafficall%3A1544066866
chehly78             17.20% [2018-12-06 23:06]
	%CPU       COMMAND:  LAST REQUEST
	16.90      pizza-01: (worker) _ chehly78.ru/?utm_source=google&utm_medium=cpc&utm_campaign=%7Bcampaign_id%7D&utm_content=%7Bad_id%7D&utm_term=intrialtrafficall%3A1544066910
	0.30       pizza-01: (worker) _ chehly78.ru/?utm_source=google&utm_medium=cpc&utm_campaign=%7Bcampaign_id%7D&utm_content=%7Bad_id%7D&utm_term=intrialtrafficall%3A1544067841
	0.00       pizza-01: (worker) _ chehly78.ru/?utm_source=google&utm_medium=cpc&utm_campaign=%7Bcampaign_id%7D&utm_content=%7Bad_id%7D&utm_term=intrialtrafficall%3A1544077759
chehly78             10.10% [2018-12-10 20:12]
	%CPU       COMMAND:  LAST REQUEST
	0.10       pizza-01: (worker) _ chehly78.ru/img/cases-img/alcantara/black-taupe-alcantara.png
	3.00       pizza-01: (worker) _ chehly78.ru/img/img2.png
	7.00       pizza-01: (worker) _ chehly78.ru/img/cases-img/alcantara/black-gray-alcantara.png
chehly78             6.00% [2018-12-15 16:45]
	%CPU       COMMAND:  LAST REQUEST
	1.50       pizza-01: (worker) _ chehly78.ru/img/color-variants/taupe-taupe.jpg
	1.50       pizza-01: (worker) _ chehly78.ru/img/color-variants/KK-4.jpg
	3.00       pizza-01: (worker) _ chehly78.ru/img/color-variants/white-black.jpg
chehly78             9.00% [2018-12-15 18:48]
	%CPU       COMMAND:  LAST REQUEST
	3.00       pizza-01: (worker) _ chehly78.ru/img/color-variants/KK-7.jpg
	6.00       pizza-01: (worker) _ chehly78.ru/img/wash.jpg
chehly78             7.50% [2018-12-20 07:00]
	%CPU       COMMAND:  LAST REQUEST
	0.40       pizza-01: (worker) W chehly78.ru/img/color-variants/KK-5.jpg
	0.40       pizza-01: (worker) _ chehly78.ru/img/feed-2-sm.jpg
	1.20       pizza-01: (worker) _ chehly78.ru/img/cherniy-korichneviy.png
	1.50       pizza-01: (worker) W chehly78.ru/img/color-variants/KK-1.jpg
	4.00       pizza-01: (worker) _ chehly78.ru/img/kk8.png
chehly78             6.60% [2018-12-31 15:51]
	%CPU       COMMAND:  LAST REQUEST
	0.10       pizza-01: (worker) _ chehly78.ru/libs/slick-1.8.0/slick/slick.min.js
	0.50       pizza-01: (worker) _ chehly78.ru/img/beliy-beliy.png
	6.00       pizza-01: (worker) _ chehly78.ru/img/sertificates/sert1.jpg
chehly78             10.10% [2019-01-10 21:27]
	%CPU       COMMAND:  LAST REQUEST
	0.10       pizza-01: (worker) _ chehly78.ru/img/hicon2.png
	7.00       pizza-01: (worker) _ chehly78.ru/img/logo.png
	0.00       pizza-01: (worker) _  
	3.00       pizza-01: (worker) _ chehly78.ru/img/44.jpg
chehly78             12.00% [2019-01-25 16:27]
	%CPU       COMMAND:  LAST REQUEST
	1.00       pizza-01: (worker) _ chehly78.ru/img/sprite.png
	1.00       pizza-01: (worker) _ chehly78.ru/img/color-variants/KK-7.jpg
	7.00       pizza-01: (worker) _ chehly78.ru/img/color-variants/KK-5.jpg
	3.00       pizza-01: (worker) _ chehly78.ru/fonts/Roboto-Light.ttf
chehly78             7.50% [2019-02-18 16:09]
	%CPU       COMMAND:  LAST REQUEST
	0.80       pizza-01: (worker) _ likeautospb.ru/img/cases/6/1-min.webp
	1.30       pizza-01: (worker) _ likeautospb.ru/index.html
	1.30       pizza-01: (worker) _ likeautospb.ru/index.html
	2.00       pizza-01: (worker) _ likeautospb.ru/plugins/owlcarousel2/owl.carousel.min.js
	2.10       pizza-01: (worker) _ likeautospb.ru/img/cases/6/4-min.webp
chehly78             7.00% [2019-02-20 05:00]
	%CPU       COMMAND:  LAST REQUEST
	7.00       pizza-01: (worker) _ likeautospb.ru/index.html
chehly78             6.00% [2019-02-20 14:18]
	%CPU       COMMAND:  LAST REQUEST
	6.00       pizza-01: (worker) _ likeautospb.ru/img/cherniy-oranzheviy.webp
chehly78             6.10% [2019-02-22 23:51]
	%CPU       COMMAND:  LAST REQUEST
	2.00       pizza-01: (worker) _ chehly78.ru/img/cases-img/eco-rhomb/beige-beige.png
	1.60       pizza-01: (worker) _ chehly78.ru/img/cases-img/alcantara/black-taupe-alcantara.png
	2.50       pizza-01: (worker) _ chehly78.ru/img/wash.jpg
chehly78             6.10% [2019-02-27 02:24]
	%CPU       COMMAND:  LAST REQUEST
	0.50       pizza-01: (worker) _ chehly78.ru/img/img3.jpg
	0.60       pizza-01: (worker) _ chehly78.ru/img/conslutation-bg.jpg
	5.00       pizza-01: (worker) _ chehly78.ru/img/sertificates/sert2.jpg
